Arguments: 
  /home/braqweny/.nvm/versions/node/v7.7.4/bin/node /home/braqweny/.nvm/versions/node/v7.7.4/bin/yarn install

PATH: 
  /home/braqweny/.nvm/versions/node/v7.7.4/bin:/home/braqweny/.local/share/umake/bin:/home/braqweny/.local/share/umake/nodejs/nodejs-lang/bin:/home/braqweny/.npm_modules/bin:/home/braqweny/.local/share/umake/nodejs/nodejs-lang/bin:/home/braqweny/.npm_modules/bin:/home/braqweny/.local/share/umake/bin:/usr/local/sbin:/usr/local/bin:/usr/sbin:/usr/bin:/sbin:/bin:/usr/games:/usr/local/games:/snap/bin:/snap/bin

Yarn version: 
  0.24.4

Node version: 
  7.7.4

Platform: 
  linux x64

npm manifest: 
  {
    "name": "jsai",
    "version": "0.0.1",
    "scripts": {
      "build": "webpack",
      "watch": "npm run build -- --watch",
      "dev": "webpack-dev-server"
    },
    "dependencies": {
      "array-list": "^1.0.6"
    },
    "devDependencies": {
      "arraylist": "^0.1.0",
      "dependencies": {},
      "devDependencies": {
        "babel-core": "6.16.0",
        "babel-jest": "16.0.0",
        "babel-loader": "6.2.7",
        "babel-plugin-transform-es2015-modules-commonjs": "^6.18.0",
        "babel-polyfill": "^6.16.0",
        "babel-preset-es2015": "6.18.0",
        "babel-preset-es2017": "6.16.0",
        "babel-preset-react": "6.16.0",
        "babel-register": "6.16.0",
        "css-loader": "0.25.0",
        "style-loader": "0.13.1",
        "webpack": "2.1.0-beta.25",
        "webpack-dev-server": "1.16.2"
      }
    },
    "license": "MIT"
  }

yarn manifest: 
  No manifest

Lockfile: 
  No lockfile

Trace: 
  TypeError: Cannot convert object to primitive value
      at pushDeps (/home/braqweny/.nvm/versions/node/v7.7.4/lib/node_modules/yarn/lib/cli/commands/install.js:376:30)
      at /home/braqweny/.nvm/versions/node/v7.7.4/lib/node_modules/yarn/lib/cli/commands/install.js:393:9
      at Generator.next (<anonymous>)
      at step (/home/braqweny/.nvm/versions/node/v7.7.4/lib/node_modules/yarn/node_modules/babel-runtime/helpers/asyncToGenerator.js:17:30)
      at /home/braqweny/.nvm/versions/node/v7.7.4/lib/node_modules/yarn/node_modules/babel-runtime/helpers/asyncToGenerator.js:28:13
